<?xml version="1.0" encoding="UTF-8"?>
<testsuite xmlns:xsi="http://www.w3.org/2001/XMLSchema-instance" xsi:noNamespaceSchemaLocation="https://maven.apache.org/surefire/maven-surefire-plugin/xsd/surefire-test-report.xsd" name="runner.RunCucumberTest" time="40.659" tests="12" errors="0" skipped="0" failures="0">
  <properties>
[...]
</properties>
  <testcase name="Given que estou no site Itera" classname="Scenario: Registrar novo usuario com sucesso" time="0"/>
  <testcase name="And preencho as credenciais na tela de login" classname="Scenario: Registrar novo usuario com sucesso" time="0"/>
  <testcase name="When eu preencho o formulario de cadastro" classname="Scenario: Registrar novo usuario com sucesso" time="0"/>
  <testcase name="And seleciono para registrar" classname="Scenario: Registrar novo usuario com sucesso" time="0"/>
  <testcase name="Then faço uma pesquisa em Dasboard para verificar o cadastro realizado com sucesso" classname="Scenario: Registrar novo usuario com sucesso" time="0"/>
  <testcase name="Scenario: Registrar novo usuario com sucesso" classname="Scenario: Registrar novo usuario com sucesso" time="0"/>
  <testcase name="Given que estou no site Itera" classname="Scenario: Registrar na area pratice com sucesso" time="0.001"/>
  <testcase name="And vou para tela Test Automation" classname="Scenario: Registrar na area pratice com sucesso" time="0"/>
  <testcase name="When eu preencho o formulario de cadastro na tela area pratice" classname="Scenario: Registrar na area pratice com sucesso" time="0"/>
  <testcase name="And seleciono os CheckBox &amp; Radio pratice" classname="Scenario: Registrar na area pratice com sucesso" time="0"/>
  <testcase name="Then faço uma pesquisa em Dasboard para verificar o cadastro realizado" classname="Scenario: Registrar na area pratice com sucesso" time="0"/>
  <testcase name="Scenario: Registrar na area pratice com sucesso" classname="Scenario: Registrar na area pratice com sucesso" time="0"/>
</testsuite>